<?xml version="1.0" encoding="UTF-8"?>
<!-- Generated by org.testng.reporters.JUnitReportReporter -->
<testsuite hostname="JCI-MH68" failures="0" tests="3" name="com.csm.qa.test3.NDEclass" time="1023.359" errors="0" timestamp="2023-08-24T17:15:24 IST" skipped="0">
  <testcase classname="com.csm.qa.test3.NDEclass" name="Test008" time="315.166"/>
  <system-out>
    <![CDATA[ 
************************************[ Test 1--> Insertion of new data ]**************************************************** 
******[ Test 1--> Insertion of new data ]****** 
[Test 1 steps 'STARTS'] 
[Test 1 steps 'STARTS'] 
ndeCodeParticularr
ndeCodeParticularr
lineClassParticularr
lineClassParticularr
lineClassParticularr
lineClassParticularr
testMethoddParticularr
testMethoddParticularr
testMethoddParticularr
testMethoddParticularr
sizeFromParticularr
sizeFromParticularr
sizeFromParticularr
sizeFromParticularr
insertSymbole1
insertSymbole1
lineClassInsertOptionSelection
lineClassInsertOptionSelection
spoolDwgNoParticularDwg
spoolDwgNoParticularDwg
jointNoInsert
jointNoInsert
testMethodParticularMethod
testMethodParticularMethod
jointStatusParticularStatus
jointStatusParticularStatus
sheetNo
sheetNo
jointStatusParticularStatus
jointStatusParticularStatus
weldTypeParticularWeldType
weldTypeParticularWeldType
catogeryCodeParticular
catogeryCodeParticular
spoolPiecceNoParticular
spoolPiecceNoParticular
planSubconParticular
planSubconParticular
weldedLocationParticular
weldedLocationParticular
wpsNoParticular
wpsNoParticular
pipePositionCodeParticular
pipePositionCodeParticular
ndeClassParticular
ndeClassParticular
record saved
record saved
spoolDwgSearchParticular
spoolDwgSearchParticular
spoolDwgSearchParticular
spoolDwgSearchParticular
spoolDwgSearchParticular
spoolDwgSearchParticular
spoolDwgSearchParticular
spoolDwgSearchParticular
weldCompanyParticular
weldCompanyParticular
weldWorkCodeParticular
weldWorkCodeParticular
weldOnParticular
weldOnParticular
weldOnParticular
weldOnParticular
weldProcessParticular
weldProcessParticular
sizeFromParticularr
sizeFromParticularr
requestSubconCodeParticularr
requestSubconCodeParticularr
ndeMethodParticularr
ndeMethodParticularr
requestSubconCodeParticularr
requestSubconCodeParticularr
rtStatusCodeParticularr
rtStatusCodeParticularr
rtStatusCodeParticularr
rtStatusCodeParticularr
[Test 1 steps 'ENDS'] 
[Test 1 steps 'ENDS'] 
************************************[ Test 1--> 'Insertion of new data' is ''PASSED'' ]************************************ 
******[ Test 1--> 'Insertion of new data' is ''PASSED'' ]****** 
 
 ]]>
  </system-out>
  <testcase classname="com.csm.qa.test3.NDEclass" name="Test0013" time="312.306"/>
  <system-out>
    <![CDATA[ 
************************************[ Test 1--> Insertion of new data ]**************************************************** 
******[ Test 1--> Insertion of new data ]****** 
[Test 1 steps 'STARTS'] 
[Test 1 steps 'STARTS'] 
ndeCodeParticularr
ndeCodeParticularr
lineClassParticularr
lineClassParticularr
lineClassParticularr
lineClassParticularr
testMethoddParticularr
testMethoddParticularr
testMethoddParticularr
testMethoddParticularr
sizeFromParticularr
sizeFromParticularr
sizeFromParticularr
sizeFromParticularr
insertSymbole1
insertSymbole1
lineClassInsertOptionSelection
lineClassInsertOptionSelection
spoolDwgNoParticularDwg
spoolDwgNoParticularDwg
jointNoInsert
jointNoInsert
testMethodParticularMethod
testMethodParticularMethod
jointStatusParticularStatus
jointStatusParticularStatus
sheetNo
sheetNo
jointStatusParticularStatus
jointStatusParticularStatus
weldTypeParticularWeldType
weldTypeParticularWeldType
catogeryCodeParticular
catogeryCodeParticular
spoolPiecceNoParticular
spoolPiecceNoParticular
planSubconParticular
planSubconParticular
weldedLocationParticular
weldedLocationParticular
wpsNoParticular
wpsNoParticular
pipePositionCodeParticular
pipePositionCodeParticular
ndeClassParticular
ndeClassParticular
record saved
record saved
spoolDwgSearchParticular
spoolDwgSearchParticular
spoolDwgSearchParticular
spoolDwgSearchParticular
spoolDwgSearchParticular
spoolDwgSearchParticular
spoolDwgSearchParticular
spoolDwgSearchParticular
weldCompanyParticular
weldCompanyParticular
weldWorkCodeParticular
weldWorkCodeParticular
weldOnParticular
weldOnParticular
weldOnParticular
weldOnParticular
weldProcessParticular
weldProcessParticular
sizeFromParticularr
sizeFromParticularr
requestSubconCodeParticularr
requestSubconCodeParticularr
ndeMethodParticularr
ndeMethodParticularr
requestSubconCodeParticularr
requestSubconCodeParticularr
rtStatusCodeParticularr
rtStatusCodeParticularr
[Test 1 steps 'ENDS'] 
[Test 1 steps 'ENDS'] 
************************************[ Test 1--> 'Insertion of new data' is ''PASSED'' ]************************************ 
******[ Test 1--> 'Insertion of new data' is ''PASSED'' ]****** 
 
 ]]>
  </system-out>
  <testcase classname="com.csm.qa.test3.NDEclass" name="Test0024" time="395.887"/>
  <system-out>
    <![CDATA[ 
************************************[ Test 1--> Insertion of new data ]**************************************************** 
******[ Test 1--> Insertion of new data ]****** 
[Test 1 steps 'STARTS'] 
[Test 1 steps 'STARTS'] 
ndeCodeParticularr
ndeCodeParticularr
lineClassParticularr
lineClassParticularr
lineClassParticularr
lineClassParticularr
testMethoddParticularr
testMethoddParticularr
testMethoddParticularr
testMethoddParticularr
sizeFromParticularr
sizeFromParticularr
sizeFromParticularr
sizeFromParticularr
ndeCodeParticularr
ndeCodeParticularr
lineClassParticularr
lineClassParticularr
lineClassParticularr
lineClassParticularr
testMethoddParticularr
testMethoddParticularr
testMethoddParticularr
testMethoddParticularr
sizeFromParticularr
sizeFromParticularr
sizeFromParticularr
sizeFromParticularr
insertSymbole1
insertSymbole1
lineClassInsertOptionSelection
lineClassInsertOptionSelection
spoolDwgNoParticularDwg
spoolDwgNoParticularDwg
jointNoInsert
jointNoInsert
testMethodParticularMethod
testMethodParticularMethod
jointStatusParticularStatus
jointStatusParticularStatus
sheetNo
sheetNo
jointStatusParticularStatus
jointStatusParticularStatus
weldTypeParticularWeldType
weldTypeParticularWeldType
catogeryCodeParticular
catogeryCodeParticular
spoolPiecceNoParticular
spoolPiecceNoParticular
planSubconParticular
planSubconParticular
weldedLocationParticular
weldedLocationParticular
wpsNoParticular
wpsNoParticular
pipePositionCodeParticular
pipePositionCodeParticular
ndeClassParticular
ndeClassParticular
record saved
record saved
spoolDwgSearchParticular
spoolDwgSearchParticular
spoolDwgSearchParticular
spoolDwgSearchParticular
spoolDwgSearchParticular
spoolDwgSearchParticular
spoolDwgSearchParticular
spoolDwgSearchParticular
weldCompanyParticular
weldCompanyParticular
weldWorkCodeParticular
weldWorkCodeParticular
weldOnParticular
weldOnParticular
weldOnParticular
weldOnParticular
weldProcessParticular
weldProcessParticular
sizeFromParticularr
sizeFromParticularr
requestSubconCodeParticularr
requestSubconCodeParticularr
ndeMethodParticularr
ndeMethodParticularr
requestSubconCodeParticularr
requestSubconCodeParticularr
rtStatusCodeParticularr
rtStatusCodeParticularr
[Test 1 steps 'ENDS'] 
[Test 1 steps 'ENDS'] 
************************************[ Test 1--> 'Insertion of new data' is ''PASSED'' ]************************************ 
******[ Test 1--> 'Insertion of new data' is ''PASSED'' ]****** 
 
 ]]>
  </system-out>
</testsuite> <!-- com.csm.qa.test3.NDEclass -->
