<?xml version="1.0" encoding="UTF-8"?>
<!-- Generated by org.testng.reporters.JUnitReportReporter -->
<testsuite hostname="JCI-MH68" failures="0" tests="1" name="com.csm.qa.test3.NDEclassAllAutoTests" time="295.216" errors="0" timestamp="2023-08-29T11:07:05 IST" skipped="0">
  <testcase classname="com.csm.qa.test3.NDEclassAllAutoTests" name="Test5" time="295.216"/>
  <system-out>
    <![CDATA[ 
************************************[ Test 1--> Insertion of new data ]**************************************************** 
******[ Test 1--> Insertion of new data ]****** 
[Test 1 steps 'STARTS'] 
[Test 1 steps 'STARTS'] 
ndeCodeParticularr
ndeCodeParticularr
lineClassParticularr
lineClassParticularr
lineClassParticularr
lineClassParticularr
testMethoddParticularr
testMethoddParticularr
testMethoddParticularr
testMethoddParticularr
sizeFromParticularr
sizeFromParticularr
sizeFromParticularr
sizeFromParticularr
insertSymbole1
insertSymbole1
lineClassInsertOptionSelection
lineClassInsertOptionSelection
spoolDwgNoParticularDwg
spoolDwgNoParticularDwg
jointNoInsert
jointNoInsert
testMethodParticularMethod
testMethodParticularMethod
sheetNo
sheetNo
jointStatusParticularStatus
jointStatusParticularStatus
weldTypeParticularWeldType
weldTypeParticularWeldType
catogeryCodeParticular
catogeryCodeParticular
weldedLocationParticular
weldedLocationParticular
pipePositionCodeParticular
pipePositionCodeParticular
ndeClassParticular
ndeClassParticular
record saved
record saved
spoolDwgSearchParticular
spoolDwgSearchParticular
spoolDwgSearchParticular
spoolDwgSearchParticular
spoolDwgSearchParticular
spoolDwgSearchParticular
spoolDwgSearchParticular
spoolDwgSearchParticular
weldCompanyParticular
weldCompanyParticular
weldWorkCodeParticular
weldWorkCodeParticular
weldOnParticular
weldOnParticular
weldOnParticular
weldOnParticular
weldProcessParticular
weldProcessParticular
sizeFromParticularr
sizeFromParticularr
requestSubconCodeParticularr
requestSubconCodeParticularr
ndeMethodParticularr
ndeMethodParticularr
requestSubconCodeParticularr
requestSubconCodeParticularr
rtStatusCodeParticularr
rtStatusCodeParticularr
weldSubconParticularr
weldSubconParticularr
[Test 1 steps 'ENDS'] 
[Test 1 steps 'ENDS'] 
************************************[ Test 1--> 'Insertion of new data' is ''PASSED'' ]************************************ 
******[ Test 1--> 'Insertion of new data' is ''PASSED'' ]****** 
 
 ]]>
  </system-out>
</testsuite> <!-- com.csm.qa.test3.NDEclassAllAutoTests -->
